<?xml version="1.0" encoding="UTF-8"?>
<testsuite name="org.crowdlib.main.MyResourceSpec" tests="1" skipped="0" failures="0" errors="0" timestamp="2015-11-21T11:44:29" hostname="8afbb553.st-andrews.ac.uk" time="0.297">
  <properties/>
  <testcase name="when getIt() is called it should get the name of the user from the SecurityContext" classname="org.crowdlib.main.MyResourceSpec" time="0.297"/>
  <system-out><![CDATA[]]></system-out>
  <system-err><![CDATA[]]></system-err>
</testsuite>
